2017/11/05 13:15:04 [4528] building file list
2017/11/05 13:15:04 [4528] .d..t...... sites_web/
2017/11/05 13:15:04 [4528] .d..t...... sites_web/log/
2017/11/05 13:15:04 [4528] >f.st...... sites_web/log/bk.log
2017/11/05 13:15:04 [4528] sent 8267 bytes  received 78 bytes  total size 118882842
2017/11/05 13:15:55 [4597] building file list
2017/11/05 13:15:55 [4597] >f.st...... sites_web/log/bk.log
2017/11/05 13:15:55 [4597] sent 8451 bytes  received 72 bytes  total size 118883136
2017/11/05 13:16:23 [4610] receiving file list
2017/11/05 13:16:23 [4673] cd+++++++++ sites_web/
2017/11/05 13:16:23 [4673] cd+++++++++ sites_web/client/
2017/11/05 13:16:23 [4673] cd+++++++++ sites_web/client/love.vn/
2017/11/05 13:16:23 [4673] >f+++++++++ sites_web/client/love.vn/.bash_logout
2017/11/05 13:16:23 [4673] >f+++++++++ sites_web/client/love.vn/.bash_profile
2017/11/05 13:16:23 [4673] >f+++++++++ sites_web/client/love.vn/.bashrc
2017/11/05 13:16:23 [4673] cd+++++++++ sites_web/client/love.vn/session/
2017/11/05 13:16:23 [4673] cd+++++++++ sites_web/client/love.vn/tmp/
2017/11/05 13:16:23 [4673] cd+++++++++ sites_web/client/love.vn/www/
2017/11/05 13:16:23 [4673] >f+++++++++ sites_web/client/love.vn/www/info.html
2017/11/05 13:16:23 [4673] >f+++++++++ sites_web/client/love.vn/www/info.php
2017/11/05 13:16:23 [4673] >f+++++++++ sites_web/client/love.vn/www/mylove.zip
2017/11/05 13:16:23 [4673] cd+++++++++ sites_web/client/love.vn/www/mylove/
2017/11/05 13:16:23 [4673] >f+++++++++ sites_web/client/love.vn/www/mylove/index.html
2017/11/05 13:16:23 [4673] cd+++++++++ sites_web/client/love.vn/www/mylove/image/
2017/11/05 13:16:23 [4673] >f+++++++++ sites_web/client/love.vn/www/mylove/image/favicon.ico
2017/11/05 13:16:23 [4673] cd+++++++++ sites_web/client/love.vn/www/mylove/music/
2017/11/05 13:16:23 [4673] >f+++++++++ sites_web/client/love.vn/www/mylove/music/AsLongAsYouLoveMe.mp3
2017/11/05 13:16:23 [4673] cd+++++++++ sites_web/client/love.vn/www/mylove/renxi/
2017/11/05 13:16:23 [4673] >f+++++++++ sites_web/client/love.vn/www/mylove/renxi/default.css
2017/11/05 13:16:23 [4673] >f+++++++++ sites_web/client/love.vn/www/mylove/renxi/functions.js
2017/11/05 13:16:23 [4673] >f+++++++++ sites_web/client/love.vn/www/mylove/renxi/jquery.min.js
2017/11/05 13:16:23 [4673] >f+++++++++ sites_web/client/love.vn/www/mylove/renxi/jscex-async-powerpack.min.js
2017/11/05 13:16:23 [4673] >f+++++++++ sites_web/client/love.vn/www/mylove/renxi/jscex-async.min.js
2017/11/05 13:16:23 [4673] >f+++++++++ sites_web/client/love.vn/www/mylove/renxi/jscex-builderbase.min.js
2017/11/05 13:16:23 [4673] >f+++++++++ sites_web/client/love.vn/www/mylove/renxi/jscex-jit.js
2017/11/05 13:16:23 [4673] >f+++++++++ sites_web/client/love.vn/www/mylove/renxi/jscex-parser.js
2017/11/05 13:16:23 [4673] >f+++++++++ sites_web/client/love.vn/www/mylove/renxi/jscex.min.js
2017/11/05 13:16:23 [4673] >f+++++++++ sites_web/client/love.vn/www/mylove/renxi/love.js
2017/11/05 13:16:23 [4673] cd+++++++++ sites_web/client/love2.vn/
2017/11/05 13:16:23 [4673] cd+++++++++ sites_web/client/love2.vn/www/
2017/11/05 13:16:23 [4673] >f+++++++++ sites_web/client/love2.vn/www/index.html
2017/11/05 13:16:23 [4673] >f+++++++++ sites_web/client/love2.vn/www/info.php
2017/11/05 13:16:24 [4673] >f+++++++++ sites_web/client/love2.vn/www/mylove.zip
2017/11/05 13:16:24 [4673] cd+++++++++ sites_web/client/love2.vn/www/image/
2017/11/05 13:16:24 [4673] >f+++++++++ sites_web/client/love2.vn/www/image/bg-strip-dark.png
2017/11/05 13:16:24 [4673] >f+++++++++ sites_web/client/love2.vn/www/image/blank.png
2017/11/05 13:16:24 [4673] >f+++++++++ sites_web/client/love2.vn/www/image/bulbs-32x32-top.png
2017/11/05 13:16:24 [4673] >f+++++++++ sites_web/client/love2.vn/www/image/bulbs-50x50-fragments.png
2017/11/05 13:16:24 [4673] >f+++++++++ sites_web/client/love2.vn/www/image/bulbs-50x50-top.png
2017/11/05 13:16:24 [4673] >f+++++++++ sites_web/client/love2.vn/www/image/bulbs-64x64-top.png
2017/11/05 13:16:24 [4673] >f+++++++++ sites_web/client/love2.vn/www/image/bulbs-72x72-top.png
2017/11/05 13:16:24 [4673] >f+++++++++ sites_web/client/love2.vn/www/image/bulbs-96x96-top.png
2017/11/05 13:16:24 [4673] >f+++++++++ sites_web/client/love2.vn/www/image/favicon.ico
2017/11/05 13:16:24 [4673] >f+++++++++ sites_web/client/love2.vn/www/image/glass0.mp3
2017/11/05 13:16:24 [4673] >f+++++++++ sites_web/client/love2.vn/www/image/glass1.mp3
2017/11/05 13:16:24 [4673] >f+++++++++ sites_web/client/love2.vn/www/image/glass2.mp3
2017/11/05 13:16:24 [4673] >f+++++++++ sites_web/client/love2.vn/www/image/glass3.mp3
2017/11/05 13:16:24 [4673] >f+++++++++ sites_web/client/love2.vn/www/image/glass4.mp3
2017/11/05 13:16:24 [4673] >f+++++++++ sites_web/client/love2.vn/www/image/glass5.mp3
2017/11/05 13:16:24 [4673] cd+++++++++ sites_web/client/love2.vn/www/music/
2017/11/05 13:16:24 [4673] >f+++++++++ sites_web/client/love2.vn/www/music/AsLongAsYouLoveMe.mp3
2017/11/05 13:16:24 [4673] >f+++++++++ sites_web/client/love2.vn/www/music/Noi-Nay-Co-Anh-Son-Tung-M-TP.mp3
2017/11/05 13:16:24 [4673] >f+++++++++ sites_web/client/love2.vn/www/music/Perfect-EdSheeran.mp3
2017/11/05 13:16:24 [4673] >f+++++++++ sites_web/client/love2.vn/www/music/Shape-Of-You-JFla.mp3
2017/11/05 13:16:24 [4673] >f+++++++++ sites_web/client/love2.vn/www/music/YeuAnh.mp3
2017/11/05 13:16:24 [4673] >f+++++++++ sites_web/client/love2.vn/www/music/glass0.mp3
2017/11/05 13:16:24 [4673] >f+++++++++ sites_web/client/love2.vn/www/music/glass1.mp3
2017/11/05 13:16:24 [4673] >f+++++++++ sites_web/client/love2.vn/www/music/glass2.mp3
2017/11/05 13:16:24 [4673] >f+++++++++ sites_web/client/love2.vn/www/music/glass3.mp3
2017/11/05 13:16:24 [4673] >f+++++++++ sites_web/client/love2.vn/www/music/glass4.mp3
2017/11/05 13:16:24 [4673] >f+++++++++ sites_web/client/love2.vn/www/music/glass5.mp3
2017/11/05 13:16:24 [4673] cd+++++++++ sites_web/client/love2.vn/www/renxi/
2017/11/05 13:16:24 [4673] >f+++++++++ sites_web/client/love2.vn/www/renxi/christmaslights.css
2017/11/05 13:16:24 [4673] >f+++++++++ sites_web/client/love2.vn/www/renxi/christmaslights.js
2017/11/05 13:16:24 [4673] >f+++++++++ sites_web/client/love2.vn/www/renxi/default.css
2017/11/05 13:16:24 [4673] >f+++++++++ sites_web/client/love2.vn/www/renxi/functions.js
2017/11/05 13:16:24 [4673] >f+++++++++ sites_web/client/love2.vn/www/renxi/jquery.min.js
2017/11/05 13:16:24 [4673] >f+++++++++ sites_web/client/love2.vn/www/renxi/jscex-async-powerpack.min.js
2017/11/05 13:16:24 [4673] >f+++++++++ sites_web/client/love2.vn/www/renxi/jscex-async.min.js
2017/11/05 13:16:24 [4673] >f+++++++++ sites_web/client/love2.vn/www/renxi/jscex-builderbase.min.js
2017/11/05 13:16:24 [4673] >f+++++++++ sites_web/client/love2.vn/www/renxi/jscex-jit.js
2017/11/05 13:16:24 [4673] >f+++++++++ sites_web/client/love2.vn/www/renxi/jscex-parser.js
2017/11/05 13:16:24 [4673] >f+++++++++ sites_web/client/love2.vn/www/renxi/jscex.min.js
2017/11/05 13:16:24 [4673] >f+++++++++ sites_web/client/love2.vn/www/renxi/love.js
2017/11/05 13:16:24 [4673] >f+++++++++ sites_web/client/love2.vn/www/renxi/snowstorm.js
2017/11/05 13:16:24 [4673] >f+++++++++ sites_web/client/love2.vn/www/renxi/snowstorm144_20131125
2017/11/05 13:16:24 [4673] >f+++++++++ sites_web/client/love2.vn/www/renxi/snowstormv144_20131125.zip
2017/11/05 13:16:24 [4673] >f+++++++++ sites_web/client/love2.vn/www/renxi/soundmanager2-nodebug-jsmin.js
2017/11/05 13:16:24 [4673] >f+++++++++ sites_web/client/love2.vn/www/renxi/soundmanager2.swf
2017/11/05 13:16:24 [4673] >f+++++++++ sites_web/client/love2.vn/www/renxi/soundmanager2_flash9.swf
2017/11/05 13:16:24 [4673] cd+++++++++ sites_web/client/love2.vn/www/renxi/snowstormv144_20131125/
2017/11/05 13:16:24 [4673] >f+++++++++ sites_web/client/love2.vn/www/renxi/snowstormv144_20131125/.gitignore
2017/11/05 13:16:24 [4673] >f+++++++++ sites_web/client/love2.vn/www/renxi/snowstormv144_20131125/README
2017/11/05 13:16:24 [4673] >f+++++++++ sites_web/client/love2.vn/www/renxi/snowstormv144_20131125/basic-example-customized.html
2017/11/05 13:16:24 [4673] >f+++++++++ sites_web/client/love2.vn/www/renxi/snowstormv144_20131125/basic-example.html
2017/11/05 13:16:24 [4673] >f+++++++++ sites_web/client/love2.vn/www/renxi/snowstormv144_20131125/index.html
2017/11/05 13:16:24 [4673] >f+++++++++ sites_web/client/love2.vn/www/renxi/snowstormv144_20131125/license.txt
2017/11/05 13:16:24 [4673] >f+++++++++ sites_web/client/love2.vn/www/renxi/snowstormv144_20131125/snowstorm-min.js
2017/11/05 13:16:24 [4673] cd+++++++++ sites_web/client/love2.vn/www/renxi/snowstormv144_20131125/demo/
2017/11/05 13:16:24 [4673] >f+++++++++ sites_web/client/love2.vn/www/renxi/snowstormv144_20131125/demo/basic-html4-example.html
2017/11/05 13:16:24 [4673] >f+++++++++ sites_web/client/love2.vn/www/renxi/snowstormv144_20131125/demo/basic-html5-example.html
2017/11/05 13:16:24 [4673] >f+++++++++ sites_web/client/love2.vn/www/renxi/snowstormv144_20131125/demo/demo_background.gif
2017/11/05 13:16:24 [4673] >f+++++++++ sites_web/client/love2.vn/www/renxi/snowstormv144_20131125/demo/demo_default.css
2017/11/05 13:16:24 [4673] cd+++++++++ sites_web/client/love2.vn/www/renxi/snowstormv144_20131125/lights/
2017/11/05 13:16:24 [4673] >f+++++++++ sites_web/client/love2.vn/www/renxi/snowstormv144_20131125/lights/christmaslights.css
2017/11/05 13:16:24 [4673] >f+++++++++ sites_web/client/love2.vn/www/renxi/snowstormv144_20131125/lights/christmaslights.js
2017/11/05 13:16:24 [4673] >f+++++++++ sites_web/client/love2.vn/www/renxi/snowstormv144_20131125/lights/index.html
2017/11/05 13:16:24 [4673] >f+++++++++ sites_web/client/love2.vn/www/renxi/snowstormv144_20131125/lights/soundmanager2-nodebug-jsmin.js
2017/11/05 13:16:24 [4673] >f+++++++++ sites_web/client/love2.vn/www/renxi/snowstormv144_20131125/lights/soundmanager2.swf
2017/11/05 13:16:24 [4673] >f+++++++++ sites_web/client/love2.vn/www/renxi/snowstormv144_20131125/lights/soundmanager2_flash9.swf
2017/11/05 13:16:24 [4673] cd+++++++++ sites_web/client/love2.vn/www/renxi/snowstormv144_20131125/lights/image/
2017/11/05 13:16:24 [4673] >f+++++++++ sites_web/client/love2.vn/www/renxi/snowstormv144_20131125/lights/image/bg-strip-dark.png
2017/11/05 13:16:24 [4673] >f+++++++++ sites_web/client/love2.vn/www/renxi/snowstormv144_20131125/lights/image/blank.png
2017/11/05 13:16:24 [4673] >f+++++++++ sites_web/client/love2.vn/www/renxi/snowstormv144_20131125/lights/image/bulbs-32x32-top.png
2017/11/05 13:16:24 [4673] >f+++++++++ sites_web/client/love2.vn/www/renxi/snowstormv144_20131125/lights/image/bulbs-50x50-fragments.png
2017/11/05 13:16:24 [4673] >f+++++++++ sites_web/client/love2.vn/www/renxi/snowstormv144_20131125/lights/image/bulbs-50x50-top.png
2017/11/05 13:16:24 [4673] >f+++++++++ sites_web/client/love2.vn/www/renxi/snowstormv144_20131125/lights/image/bulbs-64x64-top.png
2017/11/05 13:16:24 [4673] >f+++++++++ sites_web/client/love2.vn/www/renxi/snowstormv144_20131125/lights/image/bulbs-72x72-top.png
2017/11/05 13:16:24 [4673] >f+++++++++ sites_web/client/love2.vn/www/renxi/snowstormv144_20131125/lights/image/bulbs-96x96-top.png
2017/11/05 13:16:24 [4673] cd+++++++++ sites_web/client/love2.vn/www/renxi/snowstormv144_20131125/lights/sound/
2017/11/05 13:16:24 [4673] >f+++++++++ sites_web/client/love2.vn/www/renxi/snowstormv144_20131125/lights/sound/glass0.mp3
2017/11/05 13:16:24 [4673] >f+++++++++ sites_web/client/love2.vn/www/renxi/snowstormv144_20131125/lights/sound/glass1.mp3
2017/11/05 13:16:24 [4673] >f+++++++++ sites_web/client/love2.vn/www/renxi/snowstormv144_20131125/lights/sound/glass2.mp3
2017/11/05 13:16:24 [4673] >f+++++++++ sites_web/client/love2.vn/www/renxi/snowstormv144_20131125/lights/sound/glass3.mp3
2017/11/05 13:16:24 [4673] >f+++++++++ sites_web/client/love2.vn/www/renxi/snowstormv144_20131125/lights/sound/glass4.mp3
2017/11/05 13:16:24 [4673] >f+++++++++ sites_web/client/love2.vn/www/renxi/snowstormv144_20131125/lights/sound/glass5.mp3
2017/11/05 13:16:24 [4673] cd+++++++++ sites_web/client/su1_hayicle.com/
2017/11/05 13:16:24 [4673] >f+++++++++ sites_web/client/su1_hayicle.com/.bash_logout
2017/11/05 13:16:24 [4673] >f+++++++++ sites_web/client/su1_hayicle.com/.bash_profile
2017/11/05 13:16:24 [4673] >f+++++++++ sites_web/client/su1_hayicle.com/.bashrc
2017/11/05 13:16:24 [4673] cd+++++++++ sites_web/client/su1_hayicle.com/session/
2017/11/05 13:16:24 [4673] cd+++++++++ sites_web/client/su1_hayicle.com/tmp/
2017/11/05 13:16:24 [4673] cd+++++++++ sites_web/client/su1_hayicle.com/www/
2017/11/05 13:16:24 [4673] >f+++++++++ sites_web/client/su1_hayicle.com/www/info.php
2017/11/05 13:16:24 [4673] cd+++++++++ sites_web/lbn/
2017/11/05 13:16:24 [4673] cd+++++++++ sites_web/lbn/admin/
2017/11/05 13:16:24 [4673] >f+++++++++ sites_web/lbn/admin/admin_logo.png
2017/11/05 13:16:24 [4673] >f+++++++++ sites_web/lbn/admin/balancer-manager
2017/11/05 13:16:24 [4673] >f+++++++++ sites_web/lbn/admin/index.html
2017/11/05 13:16:24 [4673] >f+++++++++ sites_web/lbn/admin/ldap-status
2017/11/05 13:16:24 [4673] >f+++++++++ sites_web/lbn/admin/server-info
2017/11/05 13:16:24 [4673] >f+++++++++ sites_web/lbn/admin/server-status
2017/11/05 13:16:24 [4673] cd+++++++++ sites_web/lbn/admin/css/
2017/11/05 13:16:24 [4673] >f+++++++++ sites_web/lbn/admin/css/style.css
2017/11/05 13:16:24 [4673] cd+++++++++ sites_web/lbn/admin/monitoring/
2017/11/05 13:16:24 [4673] >f+++++++++ sites_web/lbn/admin/monitoring/apc-info.php
2017/11/05 13:16:24 [4673] >f+++++++++ sites_web/lbn/admin/monitoring/apc.php
2017/11/05 13:16:24 [4673] >f+++++++++ sites_web/lbn/admin/monitoring/memcache.php
2017/11/05 13:16:24 [4673] >f+++++++++ sites_web/lbn/admin/monitoring/ocp.php
2017/11/05 13:16:24 [4673] >f+++++++++ sites_web/lbn/admin/monitoring/phpinfo.php
2017/11/05 13:16:24 [4673] >f+++++++++ sites_web/lbn/admin/monitoring/test_apache.html
2017/11/05 13:16:24 [4673] >f+++++++++ sites_web/lbn/admin/monitoring/test_mysql.php
2017/11/05 13:16:24 [4673] >f+++++++++ sites_web/lbn/admin/monitoring/test_php.php
2017/11/05 13:16:24 [4673] >f+++++++++ sites_web/lbn/admin/monitoring/test_postgres.php
2017/11/05 13:16:24 [4673] cd+++++++++ sites_web/lbn/error/
2017/11/05 13:16:24 [4673] cd+++++++++ sites_web/lbn/error/css/
2017/11/05 13:16:24 [4673] >f+++++++++ sites_web/lbn/error/css/error_dynamic.css
2017/11/05 13:16:24 [4673] >f+++++++++ sites_web/lbn/error/css/error_static.css
2017/11/05 13:16:24 [4673] cd+++++++++ sites_web/lbn/error/img/
2017/11/05 13:16:24 [4673] >f+++++++++ sites_web/lbn/error/img/error.png
2017/11/05 13:16:24 [4673] >f+++++++++ sites_web/lbn/error/img/logo_linkbynet.png
2017/11/05 13:16:24 [4673] cd+++++++++ sites_web/lbn/error/static/
2017/11/05 13:16:24 [4673] >f+++++++++ sites_web/lbn/error/static/HTTP_BAD_GATEWAY.html
2017/11/05 13:16:24 [4673] >f+++++++++ sites_web/lbn/error/static/HTTP_BAD_REQUEST.html
2017/11/05 13:16:24 [4673] >f+++++++++ sites_web/lbn/error/static/HTTP_FORBIDDEN.html
2017/11/05 13:16:24 [4673] >f+++++++++ sites_web/lbn/error/static/HTTP_GONE.html
2017/11/05 13:16:24 [4673] >f+++++++++ sites_web/lbn/error/static/HTTP_INTERNAL_SERVER_ERROR.html
2017/11/05 13:16:24 [4673] >f+++++++++ sites_web/lbn/error/static/HTTP_LENGTH_REQUIRED.html
2017/11/05 13:16:24 [4673] >f+++++++++ sites_web/lbn/error/static/HTTP_METHOD_NOT_ALLOWED.html
2017/11/05 13:16:24 [4673] >f+++++++++ sites_web/lbn/error/static/HTTP_NOT_FOUND.html
2017/11/05 13:16:24 [4673] >f+++++++++ sites_web/lbn/error/static/HTTP_NOT_IMPLEMENTED.html
2017/11/05 13:16:24 [4673] >f+++++++++ sites_web/lbn/error/static/HTTP_PRECONDITION_FAILED.html
2017/11/05 13:16:24 [4673] >f+++++++++ sites_web/lbn/error/static/HTTP_REQUEST_ENTITY_TOO_LARGE.html
2017/11/05 13:16:24 [4673] >f+++++++++ sites_web/lbn/error/static/HTTP_REQUEST_TIME_OUT.html
2017/11/05 13:16:24 [4673] >f+++++++++ sites_web/lbn/error/static/HTTP_REQUEST_URI_TOO_LARGE.html
2017/11/05 13:16:24 [4673] >f+++++++++ sites_web/lbn/error/static/HTTP_SECURITY.html
2017/11/05 13:16:24 [4673] >f+++++++++ sites_web/lbn/error/static/HTTP_SERVICE_UNAVAILABLE.html
2017/11/05 13:16:24 [4673] >f+++++++++ sites_web/lbn/error/static/HTTP_UNAUTHORIZED.html
2017/11/05 13:16:24 [4673] >f+++++++++ sites_web/lbn/error/static/HTTP_UNSUPPORTED_MEDIA_TYPE.html
2017/11/05 13:16:24 [4673] >f+++++++++ sites_web/lbn/error/static/HTTP_VARIANT_ALSO_VARIES.html
2017/11/05 13:16:24 [4673] >f+++++++++ sites_web/lbn/error/static/robots.txt
2017/11/05 13:16:24 [4673] cd+++++++++ sites_web/lbn/icons/
2017/11/05 13:16:24 [4673] >f+++++++++ sites_web/lbn/icons/BACKGROUND.png
2017/11/05 13:16:24 [4673] >f+++++++++ sites_web/lbn/icons/FOOTER.html
2017/11/05 13:16:24 [4673] >f+++++++++ sites_web/lbn/icons/HEADER.html
2017/11/05 13:16:24 [4673] >f+++++++++ sites_web/lbn/icons/HEADER.png
2017/11/05 13:16:24 [4673] >f+++++++++ sites_web/lbn/icons/INDEXING.css
2017/11/05 13:16:24 [4673] >f+++++++++ sites_web/lbn/icons/a.png
2017/11/05 13:16:24 [4673] >f+++++++++ sites_web/lbn/icons/alert.black-22px.png
2017/11/05 13:16:24 [4673] >f+++++++++ sites_web/lbn/icons/alert.black.png
2017/11/05 13:16:24 [4673] >f+++++++++ sites_web/lbn/icons/alert.red.png
2017/11/05 13:16:24 [4673] >f+++++++++ sites_web/lbn/icons/back.png
2017/11/05 13:16:24 [4673] >f+++++++++ sites_web/lbn/icons/ball.gray.png
2017/11/05 13:16:24 [4673] >f+++++++++ sites_web/lbn/icons/ball.red.png
2017/11/05 13:16:24 [4673] >f+++++++++ sites_web/lbn/icons/binary.png
2017/11/05 13:16:24 [4673] >f+++++++++ sites_web/lbn/icons/binhex.png
2017/11/05 13:16:24 [4673] >f+++++++++ sites_web/lbn/icons/blank.png
2017/11/05 13:16:24 [4673] >f+++++++++ sites_web/lbn/icons/bomb.png
2017/11/05 13:16:24 [4673] >f+++++++++ sites_web/lbn/icons/box1.png
2017/11/05 13:16:24 [4673] >f+++++++++ sites_web/lbn/icons/box2.png
2017/11/05 13:16:24 [4673] >f+++++++++ sites_web/lbn/icons/broken.png
2017/11/05 13:16:24 [4673] >f+++++++++ sites_web/lbn/icons/burst.png
2017/11/05 13:16:24 [4673] >f+++++++++ sites_web/lbn/icons/c.png
2017/11/05 13:16:24 [4673] >f+++++++++ sites_web/lbn/icons/comp.blue.png
2017/11/05 13:16:24 [4673] >f+++++++++ sites_web/lbn/icons/comp.gray.png
2017/11/05 13:16:24 [4673] >f+++++++++ sites_web/lbn/icons/compressed.png
2017/11/05 13:16:24 [4673] >f+++++++++ sites_web/lbn/icons/continued.png
2017/11/05 13:16:24 [4673] >f+++++++++ sites_web/lbn/icons/dir.png
2017/11/05 13:16:24 [4673] >f+++++++++ sites_web/lbn/icons/diskimg.png
2017/11/05 13:16:24 [4673] >f+++++++++ sites_web/lbn/icons/down.png
2017/11/05 13:16:24 [4673] >f+++++++++ sites_web/lbn/icons/dvi.png
2017/11/05 13:16:24 [4673] >f+++++++++ sites_web/lbn/icons/f.png
2017/11/05 13:16:24 [4673] >f+++++++++ sites_web/lbn/icons/folder.open.png
2017/11/05 13:16:24 [4673] >f+++++++++ sites_web/lbn/icons/folder.png
2017/11/05 13:16:24 [4673] >f+++++++++ sites_web/lbn/icons/folder.sec.png
2017/11/05 13:16:24 [4673] >f+++++++++ sites_web/lbn/icons/forward.png
2017/11/05 13:16:24 [4673] >f+++++++++ sites_web/lbn/icons/generic.png
2017/11/05 13:16:24 [4673] >f+++++++++ sites_web/lbn/icons/generic.red.png
2017/11/05 13:16:24 [4673] >f+++++++++ sites_web/lbn/icons/generic.sec.png
2017/11/05 13:16:24 [4673] >f+++++++++ sites_web/lbn/icons/hand.right.png
2017/11/05 13:16:24 [4673] >f+++++++++ sites_web/lbn/icons/hand.up.png
2017/11/05 13:16:24 [4673] >f+++++++++ sites_web/lbn/icons/image1.png
2017/11/05 13:16:24 [4673] >f+++++++++ sites_web/lbn/icons/image2.png
2017/11/05 13:16:24 [4673] >f+++++++++ sites_web/lbn/icons/image3.png
2017/11/05 13:16:24 [4673] >f+++++++++ sites_web/lbn/icons/index.png
2017/11/05 13:16:24 [4673] >f+++++++++ sites_web/lbn/icons/layout.png
2017/11/05 13:16:24 [4673] >f+++++++++ sites_web/lbn/icons/left.png
2017/11/05 13:16:24 [4673] >f+++++++++ sites_web/lbn/icons/link.png
2017/11/05 13:16:24 [4673] >f+++++++++ sites_web/lbn/icons/movie.png
2017/11/05 13:16:24 [4673] >f+++++++++ sites_web/lbn/icons/p.png
2017/11/05 13:16:24 [4673] >f+++++++++ sites_web/lbn/icons/patch.png
2017/11/05 13:16:24 [4673] >f+++++++++ sites_web/lbn/icons/pdf.png
2017/11/05 13:16:24 [4673] >f+++++++++ sites_web/lbn/icons/pie0.png
2017/11/05 13:16:24 [4673] >f+++++++++ sites_web/lbn/icons/pie1.png
2017/11/05 13:16:24 [4673] >f+++++++++ sites_web/lbn/icons/pie2.png
2017/11/05 13:16:24 [4673] >f+++++++++ sites_web/lbn/icons/pie3.png
2017/11/05 13:16:24 [4673] >f+++++++++ sites_web/lbn/icons/pie4.png
2017/11/05 13:16:24 [4673] >f+++++++++ sites_web/lbn/icons/pie5.png
2017/11/05 13:16:24 [4673] >f+++++++++ sites_web/lbn/icons/pie6.png
2017/11/05 13:16:24 [4673] >f+++++++++ sites_web/lbn/icons/pie7.png
2017/11/05 13:16:24 [4673] >f+++++++++ sites_web/lbn/icons/pie8.png
2017/11/05 13:16:24 [4673] >f+++++++++ sites_web/lbn/icons/portal.png
2017/11/05 13:16:24 [4673] >f+++++++++ sites_web/lbn/icons/ps.png
2017/11/05 13:16:24 [4673] >f+++++++++ sites_web/lbn/icons/quill.png
2017/11/05 13:16:24 [4673] >f+++++++++ sites_web/lbn/icons/right.png
2017/11/05 13:16:24 [4673] >f+++++++++ sites_web/lbn/icons/screw1.png
2017/11/05 13:16:24 [4673] >f+++++++++ sites_web/lbn/icons/screw2.png
2017/11/05 13:16:24 [4673] >f+++++++++ sites_web/lbn/icons/script.png
2017/11/05 13:16:24 [4673] >f+++++++++ sites_web/lbn/icons/sound1.png
2017/11/05 13:16:24 [4673] >f+++++++++ sites_web/lbn/icons/sound2.png
2017/11/05 13:16:24 [4673] >f+++++++++ sites_web/lbn/icons/sphere1.png
2017/11/05 13:16:24 [4673] >f+++++++++ sites_web/lbn/icons/sphere2.png
2017/11/05 13:16:24 [4673] >f+++++++++ sites_web/lbn/icons/tar.png
2017/11/05 13:16:24 [4673] >f+++++++++ sites_web/lbn/icons/tex.png
2017/11/05 13:16:24 [4673] >f+++++++++ sites_web/lbn/icons/text.png
2017/11/05 13:16:24 [4673] >f+++++++++ sites_web/lbn/icons/transfer.png
2017/11/05 13:16:24 [4673] >f+++++++++ sites_web/lbn/icons/unknown.png
2017/11/05 13:16:24 [4673] >f+++++++++ sites_web/lbn/icons/up.png
2017/11/05 13:16:24 [4673] >f+++++++++ sites_web/lbn/icons/uu.png
2017/11/05 13:16:24 [4673] >f+++++++++ sites_web/lbn/icons/uuencoded.png
2017/11/05 13:16:24 [4673] >f+++++++++ sites_web/lbn/icons/world1.png
2017/11/05 13:16:24 [4673] >f+++++++++ sites_web/lbn/icons/world2.png
2017/11/05 13:16:24 [4673] cd+++++++++ sites_web/lbn/icons/32px/
2017/11/05 13:16:24 [4673] >f+++++++++ sites_web/lbn/icons/32px/a.png
2017/11/05 13:16:24 [4673] >f+++++++++ sites_web/lbn/icons/32px/alert.black.png
2017/11/05 13:16:24 [4673] >f+++++++++ sites_web/lbn/icons/32px/alert.red.png
2017/11/05 13:16:24 [4673] >f+++++++++ sites_web/lbn/icons/32px/back.png
2017/11/05 13:16:24 [4673] >f+++++++++ sites_web/lbn/icons/32px/ball.gray.png
2017/11/05 13:16:24 [4673] >f+++++++++ sites_web/lbn/icons/32px/ball.red.png
2017/11/05 13:16:24 [4673] >f+++++++++ sites_web/lbn/icons/32px/binary.png
2017/11/05 13:16:24 [4673] >f+++++++++ sites_web/lbn/icons/32px/binhex.png
2017/11/05 13:16:24 [4673] >f+++++++++ sites_web/lbn/icons/32px/blank.png
2017/11/05 13:16:24 [4673] >f+++++++++ sites_web/lbn/icons/32px/bomb.png
2017/11/05 13:16:24 [4673] >f+++++++++ sites_web/lbn/icons/32px/box1.png
2017/11/05 13:16:24 [4673] >f+++++++++ sites_web/lbn/icons/32px/box2.png
2017/11/05 13:16:24 [4673] >f+++++++++ sites_web/lbn/icons/32px/broken.png
2017/11/05 13:16:24 [4673] >f+++++++++ sites_web/lbn/icons/32px/burst.png
2017/11/05 13:16:24 [4673] >f+++++++++ sites_web/lbn/icons/32px/c.png
2017/11/05 13:16:24 [4673] >f+++++++++ sites_web/lbn/icons/32px/comp.blue.png
2017/11/05 13:16:24 [4673] >f+++++++++ sites_web/lbn/icons/32px/comp.gray.png
2017/11/05 13:16:24 [4673] >f+++++++++ sites_web/lbn/icons/32px/compressed.png
2017/11/05 13:16:24 [4673] >f+++++++++ sites_web/lbn/icons/32px/continued.png
2017/11/05 13:16:24 [4673] >f+++++++++ sites_web/lbn/icons/32px/dir.png
2017/11/05 13:16:24 [4673] >f+++++++++ sites_web/lbn/icons/32px/diskimg.png
2017/11/05 13:16:24 [4673] >f+++++++++ sites_web/lbn/icons/32px/down.png
2017/11/05 13:16:24 [4673] >f+++++++++ sites_web/lbn/icons/32px/dvi.png
2017/11/05 13:16:24 [4673] >f+++++++++ sites_web/lbn/icons/32px/f.png
2017/11/05 13:16:24 [4673] >f+++++++++ sites_web/lbn/icons/32px/folder.open.png
2017/11/05 13:16:24 [4673] >f+++++++++ sites_web/lbn/icons/32px/folder.png
2017/11/05 13:16:24 [4673] >f+++++++++ sites_web/lbn/icons/32px/folder.sec.png
2017/11/05 13:16:24 [4673] >f+++++++++ sites_web/lbn/icons/32px/forward.png
2017/11/05 13:16:24 [4673] >f+++++++++ sites_web/lbn/icons/32px/generic.png
2017/11/05 13:16:24 [4673] >f+++++++++ sites_web/lbn/icons/32px/generic.red.png
2017/11/05 13:16:24 [4673] >f+++++++++ sites_web/lbn/icons/32px/generic.sec.png
2017/11/05 13:16:24 [4673] >f+++++++++ sites_web/lbn/icons/32px/hand.right.png
2017/11/05 13:16:24 [4673] >f+++++++++ sites_web/lbn/icons/32px/hand.up.png
2017/11/05 13:16:24 [4673] >f+++++++++ sites_web/lbn/icons/32px/image1.png
2017/11/05 13:16:24 [4673] >f+++++++++ sites_web/lbn/icons/32px/image2.png
2017/11/05 13:16:24 [4673] >f+++++++++ sites_web/lbn/icons/32px/image3.png
2017/11/05 13:16:24 [4673] >f+++++++++ sites_web/lbn/icons/32px/index.png
2017/11/05 13:16:24 [4673] >f+++++++++ sites_web/lbn/icons/32px/layout.png
2017/11/05 13:16:24 [4673] >f+++++++++ sites_web/lbn/icons/32px/left.png
2017/11/05 13:16:24 [4673] >f+++++++++ sites_web/lbn/icons/32px/link.png
2017/11/05 13:16:24 [4673] >f+++++++++ sites_web/lbn/icons/32px/movie.png
2017/11/05 13:16:24 [4673] >f+++++++++ sites_web/lbn/icons/32px/p.png
2017/11/05 13:16:24 [4673] >f+++++++++ sites_web/lbn/icons/32px/patch.png
2017/11/05 13:16:24 [4673] >f+++++++++ sites_web/lbn/icons/32px/pdf.png
2017/11/05 13:16:24 [4673] >f+++++++++ sites_web/lbn/icons/32px/pie0.png
2017/11/05 13:16:24 [4673] >f+++++++++ sites_web/lbn/icons/32px/pie1.png
2017/11/05 13:16:24 [4673] >f+++++++++ sites_web/lbn/icons/32px/pie2.png
2017/11/05 13:16:24 [4673] >f+++++++++ sites_web/lbn/icons/32px/pie3.png
2017/11/05 13:16:24 [4673] >f+++++++++ sites_web/lbn/icons/32px/pie4.png
2017/11/05 13:16:24 [4673] >f+++++++++ sites_web/lbn/icons/32px/pie5.png
2017/11/05 13:16:24 [4673] >f+++++++++ sites_web/lbn/icons/32px/pie6.png
2017/11/05 13:16:24 [4673] >f+++++++++ sites_web/lbn/icons/32px/pie7.png
2017/11/05 13:16:24 [4673] >f+++++++++ sites_web/lbn/icons/32px/pie8.png
2017/11/05 13:16:24 [4673] >f+++++++++ sites_web/lbn/icons/32px/portal.png
2017/11/05 13:16:24 [4673] >f+++++++++ sites_web/lbn/icons/32px/ps.png
2017/11/05 13:16:24 [4673] >f+++++++++ sites_web/lbn/icons/32px/quill.png
2017/11/05 13:16:24 [4673] >f+++++++++ sites_web/lbn/icons/32px/right.png
2017/11/05 13:16:24 [4673] >f+++++++++ sites_web/lbn/icons/32px/screw1.png
2017/11/05 13:16:24 [4673] >f+++++++++ sites_web/lbn/icons/32px/screw2.png
2017/11/05 13:16:24 [4673] >f+++++++++ sites_web/lbn/icons/32px/script.png
2017/11/05 13:16:24 [4673] >f+++++++++ sites_web/lbn/icons/32px/sound1.png
2017/11/05 13:16:24 [4673] >f+++++++++ sites_web/lbn/icons/32px/sound2.png
2017/11/05 13:16:24 [4673] >f+++++++++ sites_web/lbn/icons/32px/sphere1.png
2017/11/05 13:16:24 [4673] >f+++++++++ sites_web/lbn/icons/32px/sphere2.png
2017/11/05 13:16:24 [4673] >f+++++++++ sites_web/lbn/icons/32px/tar.png
2017/11/05 13:16:24 [4673] >f+++++++++ sites_web/lbn/icons/32px/tex.png
2017/11/05 13:16:24 [4673] >f+++++++++ sites_web/lbn/icons/32px/text.png
2017/11/05 13:16:24 [4673] >f+++++++++ sites_web/lbn/icons/32px/transfer.png
2017/11/05 13:16:24 [4673] >f+++++++++ sites_web/lbn/icons/32px/unknown.png
2017/11/05 13:16:24 [4673] >f+++++++++ sites_web/lbn/icons/32px/up.png
2017/11/05 13:16:24 [4673] >f+++++++++ sites_web/lbn/icons/32px/uu.png
2017/11/05 13:16:24 [4673] >f+++++++++ sites_web/lbn/icons/32px/uuencoded.png
2017/11/05 13:16:24 [4673] >f+++++++++ sites_web/lbn/icons/32px/world1.png
2017/11/05 13:16:24 [4673] >f+++++++++ sites_web/lbn/icons/32px/world2.png
2017/11/05 13:16:24 [4673] cd+++++++++ sites_web/lbn/icons/small/
2017/11/05 13:16:24 [4673] >f+++++++++ sites_web/lbn/icons/small/a.png
2017/11/05 13:16:24 [4673] >f+++++++++ sites_web/lbn/icons/small/alert.black.png
2017/11/05 13:16:24 [4673] >f+++++++++ sites_web/lbn/icons/small/alert.red.png
2017/11/05 13:16:24 [4673] >f+++++++++ sites_web/lbn/icons/small/back.png
2017/11/05 13:16:24 [4673] >f+++++++++ sites_web/lbn/icons/small/ball.gray.png
2017/11/05 13:16:24 [4673] >f+++++++++ sites_web/lbn/icons/small/ball.red.png
2017/11/05 13:16:24 [4673] >f+++++++++ sites_web/lbn/icons/small/binary.png
2017/11/05 13:16:24 [4673] >f+++++++++ sites_web/lbn/icons/small/binhex.png
2017/11/05 13:16:24 [4673] >f+++++++++ sites_web/lbn/icons/small/blank.png
2017/11/05 13:16:24 [4673] >f+++++++++ sites_web/lbn/icons/small/bomb.png
2017/11/05 13:16:24 [4673] >f+++++++++ sites_web/lbn/icons/small/box1.png
2017/11/05 13:16:24 [4673] >f+++++++++ sites_web/lbn/icons/small/box2.png
2017/11/05 13:16:24 [4673] >f+++++++++ sites_web/lbn/icons/small/broken.png
2017/11/05 13:16:24 [4673] >f+++++++++ sites_web/lbn/icons/small/burst.png
2017/11/05 13:16:24 [4673] >f+++++++++ sites_web/lbn/icons/small/c.png
2017/11/05 13:16:24 [4673] >f+++++++++ sites_web/lbn/icons/small/comp.blue.png
2017/11/05 13:16:24 [4673] >f+++++++++ sites_web/lbn/icons/small/comp.gray.png
2017/11/05 13:16:24 [4673] >f+++++++++ sites_web/lbn/icons/small/compressed.png
2017/11/05 13:16:24 [4673] >f+++++++++ sites_web/lbn/icons/small/continued.png
2017/11/05 13:16:24 [4673] >f+++++++++ sites_web/lbn/icons/small/dir.png
2017/11/05 13:16:24 [4673] >f+++++++++ sites_web/lbn/icons/small/diskimg.png
2017/11/05 13:16:24 [4673] >f+++++++++ sites_web/lbn/icons/small/down.png
2017/11/05 13:16:24 [4673] >f+++++++++ sites_web/lbn/icons/small/dvi.png
2017/11/05 13:16:24 [4673] >f+++++++++ sites_web/lbn/icons/small/f.png
2017/11/05 13:16:24 [4673] >f+++++++++ sites_web/lbn/icons/small/folder.open.png
2017/11/05 13:16:24 [4673] >f+++++++++ sites_web/lbn/icons/small/folder.png
2017/11/05 13:16:24 [4673] >f+++++++++ sites_web/lbn/icons/small/folder.sec.png
2017/11/05 13:16:24 [4673] >f+++++++++ sites_web/lbn/icons/small/forward.png
2017/11/05 13:16:24 [4673] >f+++++++++ sites_web/lbn/icons/small/generic.png
2017/11/05 13:16:24 [4673] >f+++++++++ sites_web/lbn/icons/small/generic.red.png
2017/11/05 13:16:24 [4673] >f+++++++++ sites_web/lbn/icons/small/generic.sec.png
2017/11/05 13:16:24 [4673] >f+++++++++ sites_web/lbn/icons/small/hand.right.png
2017/11/05 13:16:24 [4673] >f+++++++++ sites_web/lbn/icons/small/hand.up.png
2017/11/05 13:16:24 [4673] >f+++++++++ sites_web/lbn/icons/small/image1.png
2017/11/05 13:16:24 [4673] >f+++++++++ sites_web/lbn/icons/small/image2.png
2017/11/05 13:16:24 [4673] >f+++++++++ sites_web/lbn/icons/small/image3.png
2017/11/05 13:16:24 [4673] >f+++++++++ sites_web/lbn/icons/small/index.png
2017/11/05 13:16:24 [4673] >f+++++++++ sites_web/lbn/icons/small/layout.png
2017/11/05 13:16:24 [4673] >f+++++++++ sites_web/lbn/icons/small/left.png
2017/11/05 13:16:24 [4673] >f+++++++++ sites_web/lbn/icons/small/link.png
2017/11/05 13:16:24 [4673] >f+++++++++ sites_web/lbn/icons/small/movie.png
2017/11/05 13:16:24 [4673] >f+++++++++ sites_web/lbn/icons/small/p.png
2017/11/05 13:16:24 [4673] >f+++++++++ sites_web/lbn/icons/small/patch.png
2017/11/05 13:16:24 [4673] >f+++++++++ sites_web/lbn/icons/small/pdf.png
2017/11/05 13:16:24 [4673] >f+++++++++ sites_web/lbn/icons/small/pie0.png
2017/11/05 13:16:24 [4673] >f+++++++++ sites_web/lbn/icons/small/pie1.png
2017/11/05 13:16:24 [4673] >f+++++++++ sites_web/lbn/icons/small/pie2.png
2017/11/05 13:16:24 [4673] >f+++++++++ sites_web/lbn/icons/small/pie3.png
2017/11/05 13:16:24 [4673] >f+++++++++ sites_web/lbn/icons/small/pie4.png
2017/11/05 13:16:24 [4673] >f+++++++++ sites_web/lbn/icons/small/pie5.png
2017/11/05 13:16:24 [4673] >f+++++++++ sites_web/lbn/icons/small/pie6.png
2017/11/05 13:16:24 [4673] >f+++++++++ sites_web/lbn/icons/small/pie7.png
2017/11/05 13:16:24 [4673] >f+++++++++ sites_web/lbn/icons/small/pie8.png
2017/11/05 13:16:24 [4673] >f+++++++++ sites_web/lbn/icons/small/portal.png
2017/11/05 13:16:24 [4673] >f+++++++++ sites_web/lbn/icons/small/ps.png
2017/11/05 13:16:24 [4673] >f+++++++++ sites_web/lbn/icons/small/quill.png
2017/11/05 13:16:24 [4673] >f+++++++++ sites_web/lbn/icons/small/right.png
2017/11/05 13:16:24 [4673] >f+++++++++ sites_web/lbn/icons/small/screw1.png
2017/11/05 13:16:24 [4673] >f+++++++++ sites_web/lbn/icons/small/screw2.png
2017/11/05 13:16:24 [4673] >f+++++++++ sites_web/lbn/icons/small/script.png
2017/11/05 13:16:24 [4673] >f+++++++++ sites_web/lbn/icons/small/sound1.png
2017/11/05 13:16:24 [4673] >f+++++++++ sites_web/lbn/icons/small/sound2.png
2017/11/05 13:16:24 [4673] >f+++++++++ sites_web/lbn/icons/small/sphere1.png
2017/11/05 13:16:24 [4673] >f+++++++++ sites_web/lbn/icons/small/sphere2.png
2017/11/05 13:16:24 [4673] >f+++++++++ sites_web/lbn/icons/small/tar.png
2017/11/05 13:16:24 [4673] >f+++++++++ sites_web/lbn/icons/small/tex.png
2017/11/05 13:16:24 [4673] >f+++++++++ sites_web/lbn/icons/small/text.png
2017/11/05 13:16:24 [4673] >f+++++++++ sites_web/lbn/icons/small/transfer.png
2017/11/05 13:16:24 [4673] >f+++++++++ sites_web/lbn/icons/small/unknown.png
2017/11/05 13:16:24 [4673] >f+++++++++ sites_web/lbn/icons/small/up.png
2017/11/05 13:16:24 [4673] >f+++++++++ sites_web/lbn/icons/small/uu.png
2017/11/05 13:16:24 [4673] >f+++++++++ sites_web/lbn/icons/small/uuencoded.png
2017/11/05 13:16:24 [4673] >f+++++++++ sites_web/lbn/icons/small/world1.png
2017/11/05 13:16:24 [4673] >f+++++++++ sites_web/lbn/icons/small/world2.png
2017/11/05 13:16:24 [4673] cd+++++++++ sites_web/lbn/maintenance/
2017/11/05 13:16:24 [4673] >f+++++++++ sites_web/lbn/maintenance/index.html
2017/11/05 13:16:24 [4673] >f+++++++++ sites_web/lbn/maintenance/logo_linkbynet.png
2017/11/05 13:16:24 [4673] >f+++++++++ sites_web/lbn/maintenance/maintenance.png
2017/11/05 13:16:24 [4673] >f+++++++++ sites_web/lbn/maintenance/yellowadvert.png
2017/11/05 13:16:24 [4673] cd+++++++++ sites_web/lbn/underconstruction/
2017/11/05 13:16:24 [4673] >f+++++++++ sites_web/lbn/underconstruction/index.html
2017/11/05 13:16:24 [4673] >f+++++++++ sites_web/lbn/underconstruction/logo_linkbynet.png
2017/11/05 13:16:24 [4673] >f+++++++++ sites_web/lbn/underconstruction/redadvert.png
2017/11/05 13:16:24 [4673] >f+++++++++ sites_web/lbn/underconstruction/under_construction.png
2017/11/05 13:16:24 [4673] >f+++++++++ sites_web/lbn/underconstruction/under_construction_fullcolor.png
2017/11/05 13:16:24 [4673] cd+++++++++ sites_web/log/
2017/11/05 13:16:24 [4673] >f+++++++++ sites_web/log/bk.log
2017/11/05 13:16:24 [4610] sent 7346 bytes  received 118926801 bytes  total size 118883327
2017/11/05 14:05:45 [5136] building file list
2017/11/05 14:05:45 [5136] cd+++++++++ sites_web/
2017/11/05 14:05:45 [5136] cd+++++++++ sites_web/client/
2017/11/05 14:05:45 [5136] cd+++++++++ sites_web/client/love.vn/
2017/11/05 14:05:45 [5136] >f+++++++++ sites_web/client/love.vn/.bash_logout
2017/11/05 14:05:45 [5136] >f+++++++++ sites_web/client/love.vn/.bash_profile
2017/11/05 14:05:45 [5136] >f+++++++++ sites_web/client/love.vn/.bashrc
2017/11/05 14:05:45 [5136] cd+++++++++ sites_web/client/love.vn/session/
2017/11/05 14:05:45 [5136] cd+++++++++ sites_web/client/love.vn/tmp/
2017/11/05 14:05:45 [5136] cd+++++++++ sites_web/client/love.vn/www/
2017/11/05 14:05:45 [5136] >f+++++++++ sites_web/client/love.vn/www/info.html
2017/11/05 14:05:45 [5136] >f+++++++++ sites_web/client/love.vn/www/info.php
2017/11/05 14:05:45 [5136] >f+++++++++ sites_web/client/love.vn/www/mylove.zip
2017/11/05 14:05:45 [5136] cd+++++++++ sites_web/client/love.vn/www/mylove/
2017/11/05 14:05:45 [5136] >f+++++++++ sites_web/client/love.vn/www/mylove/index.html
2017/11/05 14:05:45 [5136] cd+++++++++ sites_web/client/love.vn/www/mylove/image/
2017/11/05 14:05:45 [5136] >f+++++++++ sites_web/client/love.vn/www/mylove/image/favicon.ico
2017/11/05 14:05:45 [5136] cd+++++++++ sites_web/client/love.vn/www/mylove/music/
2017/11/05 14:05:45 [5136] >f+++++++++ sites_web/client/love.vn/www/mylove/music/AsLongAsYouLoveMe.mp3
2017/11/05 14:05:45 [5136] cd+++++++++ sites_web/client/love.vn/www/mylove/renxi/
2017/11/05 14:05:45 [5136] >f+++++++++ sites_web/client/love.vn/www/mylove/renxi/default.css
2017/11/05 14:05:45 [5136] >f+++++++++ sites_web/client/love.vn/www/mylove/renxi/functions.js
2017/11/05 14:05:45 [5136] >f+++++++++ sites_web/client/love.vn/www/mylove/renxi/jquery.min.js
2017/11/05 14:05:45 [5136] >f+++++++++ sites_web/client/love.vn/www/mylove/renxi/jscex-async-powerpack.min.js
2017/11/05 14:05:45 [5136] >f+++++++++ sites_web/client/love.vn/www/mylove/renxi/jscex-async.min.js
2017/11/05 14:05:45 [5136] >f+++++++++ sites_web/client/love.vn/www/mylove/renxi/jscex-builderbase.min.js
2017/11/05 14:05:45 [5136] >f+++++++++ sites_web/client/love.vn/www/mylove/renxi/jscex-jit.js
2017/11/05 14:05:45 [5136] >f+++++++++ sites_web/client/love.vn/www/mylove/renxi/jscex-parser.js
2017/11/05 14:05:45 [5136] >f+++++++++ sites_web/client/love.vn/www/mylove/renxi/jscex.min.js
2017/11/05 14:05:45 [5136] >f+++++++++ sites_web/client/love.vn/www/mylove/renxi/love.js
2017/11/05 14:05:45 [5136] cd+++++++++ sites_web/client/love2.vn/
2017/11/05 14:05:45 [5136] cd+++++++++ sites_web/client/love2.vn/www/
2017/11/05 14:05:45 [5136] >f+++++++++ sites_web/client/love2.vn/www/index.html
2017/11/05 14:05:45 [5136] >f+++++++++ sites_web/client/love2.vn/www/info.php
2017/11/05 14:05:46 [5136] >f+++++++++ sites_web/client/love2.vn/www/mylove.zip
2017/11/05 14:05:46 [5136] cd+++++++++ sites_web/client/love2.vn/www/image/
2017/11/05 14:05:46 [5136] >f+++++++++ sites_web/client/love2.vn/www/image/bg-strip-dark.png
2017/11/05 14:05:46 [5136] >f+++++++++ sites_web/client/love2.vn/www/image/blank.png
2017/11/05 14:05:46 [5136] >f+++++++++ sites_web/client/love2.vn/www/image/bulbs-32x32-top.png
2017/11/05 14:05:46 [5136] >f+++++++++ sites_web/client/love2.vn/www/image/bulbs-50x50-fragments.png
2017/11/05 14:05:46 [5136] >f+++++++++ sites_web/client/love2.vn/www/image/bulbs-50x50-top.png
2017/11/05 14:05:46 [5136] >f+++++++++ sites_web/client/love2.vn/www/image/bulbs-64x64-top.png
2017/11/05 14:05:46 [5136] >f+++++++++ sites_web/client/love2.vn/www/image/bulbs-72x72-top.png
2017/11/05 14:05:46 [5136] >f+++++++++ sites_web/client/love2.vn/www/image/bulbs-96x96-top.png
2017/11/05 14:05:46 [5136] >f+++++++++ sites_web/client/love2.vn/www/image/favicon.ico
2017/11/05 14:05:46 [5136] >f+++++++++ sites_web/client/love2.vn/www/image/glass0.mp3
2017/11/05 14:05:46 [5136] >f+++++++++ sites_web/client/love2.vn/www/image/glass1.mp3
2017/11/05 14:05:46 [5136] >f+++++++++ sites_web/client/love2.vn/www/image/glass2.mp3
2017/11/05 14:05:46 [5136] >f+++++++++ sites_web/client/love2.vn/www/image/glass3.mp3
2017/11/05 14:05:46 [5136] >f+++++++++ sites_web/client/love2.vn/www/image/glass4.mp3
2017/11/05 14:05:46 [5136] >f+++++++++ sites_web/client/love2.vn/www/image/glass5.mp3
2017/11/05 14:05:46 [5136] cd+++++++++ sites_web/client/love2.vn/www/music/
2017/11/05 14:05:47 [5136] >f+++++++++ sites_web/client/love2.vn/www/music/AsLongAsYouLoveMe.mp3
2017/11/05 14:05:47 [5136] >f+++++++++ sites_web/client/love2.vn/www/music/Noi-Nay-Co-Anh-Son-Tung-M-TP.mp3
2017/11/05 14:05:47 [5136] >f+++++++++ sites_web/client/love2.vn/www/music/Perfect-EdSheeran.mp3
2017/11/05 14:05:47 [5136] >f+++++++++ sites_web/client/love2.vn/www/music/Shape-Of-You-JFla.mp3
2017/11/05 14:05:48 [5136] >f+++++++++ sites_web/client/love2.vn/www/music/YeuAnh.mp3
2017/11/05 14:05:48 [5136] >f+++++++++ sites_web/client/love2.vn/www/music/glass0.mp3
2017/11/05 14:05:48 [5136] >f+++++++++ sites_web/client/love2.vn/www/music/glass1.mp3
2017/11/05 14:05:48 [5136] >f+++++++++ sites_web/client/love2.vn/www/music/glass2.mp3
2017/11/05 14:05:48 [5136] >f+++++++++ sites_web/client/love2.vn/www/music/glass3.mp3
2017/11/05 14:05:48 [5136] >f+++++++++ sites_web/client/love2.vn/www/music/glass4.mp3
2017/11/05 14:05:48 [5136] >f+++++++++ sites_web/client/love2.vn/www/music/glass5.mp3
2017/11/05 14:05:48 [5136] cd+++++++++ sites_web/client/love2.vn/www/renxi/
2017/11/05 14:05:48 [5136] >f+++++++++ sites_web/client/love2.vn/www/renxi/christmaslights.css
2017/11/05 14:05:48 [5136] >f+++++++++ sites_web/client/love2.vn/www/renxi/christmaslights.js
2017/11/05 14:05:48 [5136] >f+++++++++ sites_web/client/love2.vn/www/renxi/default.css
2017/11/05 14:05:48 [5136] >f+++++++++ sites_web/client/love2.vn/www/renxi/functions.js
2017/11/05 14:05:48 [5136] >f+++++++++ sites_web/client/love2.vn/www/renxi/jquery.min.js
2017/11/05 14:05:48 [5136] >f+++++++++ sites_web/client/love2.vn/www/renxi/jscex-async-powerpack.min.js
2017/11/05 14:05:48 [5136] >f+++++++++ sites_web/client/love2.vn/www/renxi/jscex-async.min.js
2017/11/05 14:05:48 [5136] >f+++++++++ sites_web/client/love2.vn/www/renxi/jscex-builderbase.min.js
2017/11/05 14:05:48 [5136] >f+++++++++ sites_web/client/love2.vn/www/renxi/jscex-jit.js
2017/11/05 14:05:48 [5136] >f+++++++++ sites_web/client/love2.vn/www/renxi/jscex-parser.js
2017/11/05 14:05:48 [5136] >f+++++++++ sites_web/client/love2.vn/www/renxi/jscex.min.js
2017/11/05 14:05:48 [5136] >f+++++++++ sites_web/client/love2.vn/www/renxi/love.js
2017/11/05 14:05:48 [5136] >f+++++++++ sites_web/client/love2.vn/www/renxi/snowstorm.js
2017/11/05 14:05:48 [5136] >f+++++++++ sites_web/client/love2.vn/www/renxi/snowstorm144_20131125
2017/11/05 14:05:48 [5136] >f+++++++++ sites_web/client/love2.vn/www/renxi/snowstormv144_20131125.zip
2017/11/05 14:05:48 [5136] >f+++++++++ sites_web/client/love2.vn/www/renxi/soundmanager2-nodebug-jsmin.js
2017/11/05 14:05:48 [5136] >f+++++++++ sites_web/client/love2.vn/www/renxi/soundmanager2.swf
2017/11/05 14:05:48 [5136] >f+++++++++ sites_web/client/love2.vn/www/renxi/soundmanager2_flash9.swf
2017/11/05 14:05:48 [5136] cd+++++++++ sites_web/client/love2.vn/www/renxi/snowstormv144_20131125/
2017/11/05 14:05:48 [5136] >f+++++++++ sites_web/client/love2.vn/www/renxi/snowstormv144_20131125/.gitignore
2017/11/05 14:05:48 [5136] >f+++++++++ sites_web/client/love2.vn/www/renxi/snowstormv144_20131125/README
2017/11/05 14:05:48 [5136] >f+++++++++ sites_web/client/love2.vn/www/renxi/snowstormv144_20131125/basic-example-customized.html
2017/11/05 14:05:48 [5136] >f+++++++++ sites_web/client/love2.vn/www/renxi/snowstormv144_20131125/basic-example.html
2017/11/05 14:05:48 [5136] >f+++++++++ sites_web/client/love2.vn/www/renxi/snowstormv144_20131125/index.html
2017/11/05 14:05:48 [5136] >f+++++++++ sites_web/client/love2.vn/www/renxi/snowstormv144_20131125/license.txt
2017/11/05 14:05:48 [5136] >f+++++++++ sites_web/client/love2.vn/www/renxi/snowstormv144_20131125/snowstorm-min.js
2017/11/05 14:05:48 [5136] cd+++++++++ sites_web/client/love2.vn/www/renxi/snowstormv144_20131125/demo/
2017/11/05 14:05:48 [5136] >f+++++++++ sites_web/client/love2.vn/www/renxi/snowstormv144_20131125/demo/basic-html4-example.html
2017/11/05 14:05:48 [5136] >f+++++++++ sites_web/client/love2.vn/www/renxi/snowstormv144_20131125/demo/basic-html5-example.html
2017/11/05 14:05:48 [5136] >f+++++++++ sites_web/client/love2.vn/www/renxi/snowstormv144_20131125/demo/demo_background.gif
2017/11/05 14:05:48 [5136] >f+++++++++ sites_web/client/love2.vn/www/renxi/snowstormv144_20131125/demo/demo_default.css
2017/11/05 14:05:48 [5136] cd+++++++++ sites_web/client/love2.vn/www/renxi/snowstormv144_20131125/lights/
2017/11/05 14:05:48 [5136] >f+++++++++ sites_web/client/love2.vn/www/renxi/snowstormv144_20131125/lights/christmaslights.css
2017/11/05 14:05:48 [5136] >f+++++++++ sites_web/client/love2.vn/www/renxi/snowstormv144_20131125/lights/christmaslights.js
2017/11/05 14:05:48 [5136] >f+++++++++ sites_web/client/love2.vn/www/renxi/snowstormv144_20131125/lights/index.html
2017/11/05 14:05:48 [5136] >f+++++++++ sites_web/client/love2.vn/www/renxi/snowstormv144_20131125/lights/soundmanager2-nodebug-jsmin.js
2017/11/05 14:05:48 [5136] >f+++++++++ sites_web/client/love2.vn/www/renxi/snowstormv144_20131125/lights/soundmanager2.swf
2017/11/05 14:05:48 [5136] >f+++++++++ sites_web/client/love2.vn/www/renxi/snowstormv144_20131125/lights/soundmanager2_flash9.swf
2017/11/05 14:05:48 [5136] cd+++++++++ sites_web/client/love2.vn/www/renxi/snowstormv144_20131125/lights/image/
2017/11/05 14:05:48 [5136] >f+++++++++ sites_web/client/love2.vn/www/renxi/snowstormv144_20131125/lights/image/bg-strip-dark.png
2017/11/05 14:05:48 [5136] >f+++++++++ sites_web/client/love2.vn/www/renxi/snowstormv144_20131125/lights/image/blank.png
2017/11/05 14:05:48 [5136] >f+++++++++ sites_web/client/love2.vn/www/renxi/snowstormv144_20131125/lights/image/bulbs-32x32-top.png
2017/11/05 14:05:48 [5136] >f+++++++++ sites_web/client/love2.vn/www/renxi/snowstormv144_20131125/lights/image/bulbs-50x50-fragments.png
2017/11/05 14:05:48 [5136] >f+++++++++ sites_web/client/love2.vn/www/renxi/snowstormv144_20131125/lights/image/bulbs-50x50-top.png
2017/11/05 14:05:48 [5136] >f+++++++++ sites_web/client/love2.vn/www/renxi/snowstormv144_20131125/lights/image/bulbs-64x64-top.png
2017/11/05 14:05:48 [5136] >f+++++++++ sites_web/client/love2.vn/www/renxi/snowstormv144_20131125/lights/image/bulbs-72x72-top.png
2017/11/05 14:05:48 [5136] >f+++++++++ sites_web/client/love2.vn/www/renxi/snowstormv144_20131125/lights/image/bulbs-96x96-top.png
2017/11/05 14:05:48 [5136] cd+++++++++ sites_web/client/love2.vn/www/renxi/snowstormv144_20131125/lights/sound/
2017/11/05 14:05:48 [5136] >f+++++++++ sites_web/client/love2.vn/www/renxi/snowstormv144_20131125/lights/sound/glass0.mp3
2017/11/05 14:05:48 [5136] >f+++++++++ sites_web/client/love2.vn/www/renxi/snowstormv144_20131125/lights/sound/glass1.mp3
2017/11/05 14:05:48 [5136] >f+++++++++ sites_web/client/love2.vn/www/renxi/snowstormv144_20131125/lights/sound/glass2.mp3
2017/11/05 14:05:48 [5136] >f+++++++++ sites_web/client/love2.vn/www/renxi/snowstormv144_20131125/lights/sound/glass3.mp3
2017/11/05 14:05:48 [5136] >f+++++++++ sites_web/client/love2.vn/www/renxi/snowstormv144_20131125/lights/sound/glass4.mp3
2017/11/05 14:05:48 [5136] >f+++++++++ sites_web/client/love2.vn/www/renxi/snowstormv144_20131125/lights/sound/glass5.mp3
2017/11/05 14:05:48 [5136] cd+++++++++ sites_web/client/su1_hayicle.com/
2017/11/05 14:05:48 [5136] >f+++++++++ sites_web/client/su1_hayicle.com/.bash_logout
2017/11/05 14:05:48 [5136] >f+++++++++ sites_web/client/su1_hayicle.com/.bash_profile
2017/11/05 14:05:48 [5136] >f+++++++++ sites_web/client/su1_hayicle.com/.bashrc
2017/11/05 14:05:48 [5136] cd+++++++++ sites_web/client/su1_hayicle.com/session/
2017/11/05 14:05:48 [5136] cd+++++++++ sites_web/client/su1_hayicle.com/tmp/
2017/11/05 14:05:48 [5136] cd+++++++++ sites_web/client/su1_hayicle.com/www/
2017/11/05 14:05:48 [5136] >f+++++++++ sites_web/client/su1_hayicle.com/www/info.php
2017/11/05 14:05:48 [5136] cd+++++++++ sites_web/lbn/
2017/11/05 14:05:48 [5136] cd+++++++++ sites_web/lbn/admin/
2017/11/05 14:05:48 [5136] >f+++++++++ sites_web/lbn/admin/admin_logo.png
2017/11/05 14:05:48 [5136] >f+++++++++ sites_web/lbn/admin/balancer-manager
2017/11/05 14:05:48 [5136] >f+++++++++ sites_web/lbn/admin/index.html
2017/11/05 14:05:48 [5136] >f+++++++++ sites_web/lbn/admin/ldap-status
2017/11/05 14:05:48 [5136] >f+++++++++ sites_web/lbn/admin/server-info
2017/11/05 14:05:48 [5136] >f+++++++++ sites_web/lbn/admin/server-status
2017/11/05 14:05:48 [5136] cd+++++++++ sites_web/lbn/admin/css/
2017/11/05 14:05:48 [5136] >f+++++++++ sites_web/lbn/admin/css/style.css
2017/11/05 14:05:48 [5136] cd+++++++++ sites_web/lbn/admin/monitoring/
2017/11/05 14:05:48 [5136] >f+++++++++ sites_web/lbn/admin/monitoring/apc-info.php
2017/11/05 14:05:48 [5136] >f+++++++++ sites_web/lbn/admin/monitoring/apc.php
2017/11/05 14:05:48 [5136] >f+++++++++ sites_web/lbn/admin/monitoring/memcache.php
2017/11/05 14:05:48 [5136] >f+++++++++ sites_web/lbn/admin/monitoring/ocp.php
2017/11/05 14:05:48 [5136] >f+++++++++ sites_web/lbn/admin/monitoring/phpinfo.php
2017/11/05 14:05:48 [5136] >f+++++++++ sites_web/lbn/admin/monitoring/test_apache.html
2017/11/05 14:05:48 [5136] >f+++++++++ sites_web/lbn/admin/monitoring/test_mysql.php
2017/11/05 14:05:48 [5136] >f+++++++++ sites_web/lbn/admin/monitoring/test_php.php
2017/11/05 14:05:48 [5136] >f+++++++++ sites_web/lbn/admin/monitoring/test_postgres.php
2017/11/05 14:05:48 [5136] cd+++++++++ sites_web/lbn/error/
2017/11/05 14:05:48 [5136] cd+++++++++ sites_web/lbn/error/css/
2017/11/05 14:05:48 [5136] >f+++++++++ sites_web/lbn/error/css/error_dynamic.css
2017/11/05 14:05:48 [5136] >f+++++++++ sites_web/lbn/error/css/error_static.css
2017/11/05 14:05:48 [5136] cd+++++++++ sites_web/lbn/error/img/
2017/11/05 14:05:48 [5136] >f+++++++++ sites_web/lbn/error/img/error.png
2017/11/05 14:05:48 [5136] >f+++++++++ sites_web/lbn/error/img/logo_linkbynet.png
2017/11/05 14:05:48 [5136] cd+++++++++ sites_web/lbn/error/static/
2017/11/05 14:05:48 [5136] >f+++++++++ sites_web/lbn/error/static/HTTP_BAD_GATEWAY.html
2017/11/05 14:05:48 [5136] >f+++++++++ sites_web/lbn/error/static/HTTP_BAD_REQUEST.html
2017/11/05 14:05:48 [5136] >f+++++++++ sites_web/lbn/error/static/HTTP_FORBIDDEN.html
2017/11/05 14:05:48 [5136] >f+++++++++ sites_web/lbn/error/static/HTTP_GONE.html
2017/11/05 14:05:48 [5136] >f+++++++++ sites_web/lbn/error/static/HTTP_INTERNAL_SERVER_ERROR.html
2017/11/05 14:05:48 [5136] >f+++++++++ sites_web/lbn/error/static/HTTP_LENGTH_REQUIRED.html
2017/11/05 14:05:48 [5136] >f+++++++++ sites_web/lbn/error/static/HTTP_METHOD_NOT_ALLOWED.html
2017/11/05 14:05:48 [5136] >f+++++++++ sites_web/lbn/error/static/HTTP_NOT_FOUND.html
2017/11/05 14:05:48 [5136] >f+++++++++ sites_web/lbn/error/static/HTTP_NOT_IMPLEMENTED.html
2017/11/05 14:05:48 [5136] >f+++++++++ sites_web/lbn/error/static/HTTP_PRECONDITION_FAILED.html
2017/11/05 14:05:48 [5136] >f+++++++++ sites_web/lbn/error/static/HTTP_REQUEST_ENTITY_TOO_LARGE.html
2017/11/05 14:05:48 [5136] >f+++++++++ sites_web/lbn/error/static/HTTP_REQUEST_TIME_OUT.html
2017/11/05 14:05:48 [5136] >f+++++++++ sites_web/lbn/error/static/HTTP_REQUEST_URI_TOO_LARGE.html
2017/11/05 14:05:48 [5136] >f+++++++++ sites_web/lbn/error/static/HTTP_SECURITY.html
2017/11/05 14:05:48 [5136] >f+++++++++ sites_web/lbn/error/static/HTTP_SERVICE_UNAVAILABLE.html
2017/11/05 14:05:48 [5136] >f+++++++++ sites_web/lbn/error/static/HTTP_UNAUTHORIZED.html
2017/11/05 14:05:48 [5136] >f+++++++++ sites_web/lbn/error/static/HTTP_UNSUPPORTED_MEDIA_TYPE.html
2017/11/05 14:05:48 [5136] >f+++++++++ sites_web/lbn/error/static/HTTP_VARIANT_ALSO_VARIES.html
2017/11/05 14:05:48 [5136] >f+++++++++ sites_web/lbn/error/static/robots.txt
2017/11/05 14:05:48 [5136] cd+++++++++ sites_web/lbn/icons/
2017/11/05 14:05:48 [5136] >f+++++++++ sites_web/lbn/icons/BACKGROUND.png
2017/11/05 14:05:48 [5136] >f+++++++++ sites_web/lbn/icons/FOOTER.html
2017/11/05 14:05:48 [5136] >f+++++++++ sites_web/lbn/icons/HEADER.html
2017/11/05 14:05:48 [5136] >f+++++++++ sites_web/lbn/icons/HEADER.png
2017/11/05 14:05:48 [5136] >f+++++++++ sites_web/lbn/icons/INDEXING.css
2017/11/05 14:05:48 [5136] >f+++++++++ sites_web/lbn/icons/a.png
2017/11/05 14:05:48 [5136] >f+++++++++ sites_web/lbn/icons/alert.black-22px.png
2017/11/05 14:05:48 [5136] >f+++++++++ sites_web/lbn/icons/alert.black.png
2017/11/05 14:05:48 [5136] >f+++++++++ sites_web/lbn/icons/alert.red.png
2017/11/05 14:05:48 [5136] >f+++++++++ sites_web/lbn/icons/back.png
2017/11/05 14:05:48 [5136] >f+++++++++ sites_web/lbn/icons/ball.gray.png
2017/11/05 14:05:48 [5136] >f+++++++++ sites_web/lbn/icons/ball.red.png
2017/11/05 14:05:48 [5136] >f+++++++++ sites_web/lbn/icons/binary.png
2017/11/05 14:05:48 [5136] >f+++++++++ sites_web/lbn/icons/binhex.png
2017/11/05 14:05:48 [5136] >f+++++++++ sites_web/lbn/icons/blank.png
2017/11/05 14:05:48 [5136] >f+++++++++ sites_web/lbn/icons/bomb.png
2017/11/05 14:05:48 [5136] >f+++++++++ sites_web/lbn/icons/box1.png
2017/11/05 14:05:48 [5136] >f+++++++++ sites_web/lbn/icons/box2.png
2017/11/05 14:05:48 [5136] >f+++++++++ sites_web/lbn/icons/broken.png
2017/11/05 14:05:48 [5136] >f+++++++++ sites_web/lbn/icons/burst.png
2017/11/05 14:05:48 [5136] >f+++++++++ sites_web/lbn/icons/c.png
2017/11/05 14:05:48 [5136] >f+++++++++ sites_web/lbn/icons/comp.blue.png
2017/11/05 14:05:48 [5136] >f+++++++++ sites_web/lbn/icons/comp.gray.png
2017/11/05 14:05:48 [5136] >f+++++++++ sites_web/lbn/icons/compressed.png
2017/11/05 14:05:48 [5136] >f+++++++++ sites_web/lbn/icons/continued.png
2017/11/05 14:05:48 [5136] >f+++++++++ sites_web/lbn/icons/dir.png
2017/11/05 14:05:48 [5136] >f+++++++++ sites_web/lbn/icons/diskimg.png
2017/11/05 14:05:48 [5136] >f+++++++++ sites_web/lbn/icons/down.png
2017/11/05 14:05:48 [5136] >f+++++++++ sites_web/lbn/icons/dvi.png
2017/11/05 14:05:48 [5136] >f+++++++++ sites_web/lbn/icons/f.png
2017/11/05 14:05:48 [5136] >f+++++++++ sites_web/lbn/icons/folder.open.png
2017/11/05 14:05:48 [5136] >f+++++++++ sites_web/lbn/icons/folder.png
2017/11/05 14:05:48 [5136] >f+++++++++ sites_web/lbn/icons/folder.sec.png
2017/11/05 14:05:48 [5136] >f+++++++++ sites_web/lbn/icons/forward.png
2017/11/05 14:05:48 [5136] >f+++++++++ sites_web/lbn/icons/generic.png
2017/11/05 14:05:48 [5136] >f+++++++++ sites_web/lbn/icons/generic.red.png
2017/11/05 14:05:48 [5136] >f+++++++++ sites_web/lbn/icons/generic.sec.png
2017/11/05 14:05:48 [5136] >f+++++++++ sites_web/lbn/icons/hand.right.png
2017/11/05 14:05:48 [5136] >f+++++++++ sites_web/lbn/icons/hand.up.png
2017/11/05 14:05:48 [5136] >f+++++++++ sites_web/lbn/icons/image1.png
2017/11/05 14:05:48 [5136] >f+++++++++ sites_web/lbn/icons/image2.png
2017/11/05 14:05:48 [5136] >f+++++++++ sites_web/lbn/icons/image3.png
2017/11/05 14:05:48 [5136] >f+++++++++ sites_web/lbn/icons/index.png
2017/11/05 14:05:48 [5136] >f+++++++++ sites_web/lbn/icons/layout.png
2017/11/05 14:05:48 [5136] >f+++++++++ sites_web/lbn/icons/left.png
2017/11/05 14:05:48 [5136] >f+++++++++ sites_web/lbn/icons/link.png
2017/11/05 14:05:48 [5136] >f+++++++++ sites_web/lbn/icons/movie.png
2017/11/05 14:05:48 [5136] >f+++++++++ sites_web/lbn/icons/p.png
2017/11/05 14:05:48 [5136] >f+++++++++ sites_web/lbn/icons/patch.png
2017/11/05 14:05:48 [5136] >f+++++++++ sites_web/lbn/icons/pdf.png
2017/11/05 14:05:48 [5136] >f+++++++++ sites_web/lbn/icons/pie0.png
2017/11/05 14:05:48 [5136] >f+++++++++ sites_web/lbn/icons/pie1.png
2017/11/05 14:05:48 [5136] >f+++++++++ sites_web/lbn/icons/pie2.png
2017/11/05 14:05:48 [5136] >f+++++++++ sites_web/lbn/icons/pie3.png
2017/11/05 14:05:48 [5136] >f+++++++++ sites_web/lbn/icons/pie4.png
2017/11/05 14:05:48 [5136] >f+++++++++ sites_web/lbn/icons/pie5.png
2017/11/05 14:05:48 [5136] >f+++++++++ sites_web/lbn/icons/pie6.png
2017/11/05 14:05:48 [5136] >f+++++++++ sites_web/lbn/icons/pie7.png
2017/11/05 14:05:48 [5136] >f+++++++++ sites_web/lbn/icons/pie8.png
2017/11/05 14:05:48 [5136] >f+++++++++ sites_web/lbn/icons/portal.png
2017/11/05 14:05:48 [5136] >f+++++++++ sites_web/lbn/icons/ps.png
2017/11/05 14:05:48 [5136] >f+++++++++ sites_web/lbn/icons/quill.png
2017/11/05 14:05:48 [5136] >f+++++++++ sites_web/lbn/icons/right.png
2017/11/05 14:05:48 [5136] >f+++++++++ sites_web/lbn/icons/screw1.png
2017/11/05 14:05:48 [5136] >f+++++++++ sites_web/lbn/icons/screw2.png
2017/11/05 14:05:48 [5136] >f+++++++++ sites_web/lbn/icons/script.png
2017/11/05 14:05:48 [5136] >f+++++++++ sites_web/lbn/icons/sound1.png
2017/11/05 14:05:48 [5136] >f+++++++++ sites_web/lbn/icons/sound2.png
2017/11/05 14:05:48 [5136] >f+++++++++ sites_web/lbn/icons/sphere1.png
2017/11/05 14:05:48 [5136] >f+++++++++ sites_web/lbn/icons/sphere2.png
2017/11/05 14:05:48 [5136] >f+++++++++ sites_web/lbn/icons/tar.png
2017/11/05 14:05:48 [5136] >f+++++++++ sites_web/lbn/icons/tex.png
2017/11/05 14:05:48 [5136] >f+++++++++ sites_web/lbn/icons/text.png
2017/11/05 14:05:48 [5136] >f+++++++++ sites_web/lbn/icons/transfer.png
2017/11/05 14:05:48 [5136] >f+++++++++ sites_web/lbn/icons/unknown.png
2017/11/05 14:05:48 [5136] >f+++++++++ sites_web/lbn/icons/up.png
2017/11/05 14:05:48 [5136] >f+++++++++ sites_web/lbn/icons/uu.png
2017/11/05 14:05:48 [5136] >f+++++++++ sites_web/lbn/icons/uuencoded.png
2017/11/05 14:05:48 [5136] >f+++++++++ sites_web/lbn/icons/world1.png
2017/11/05 14:05:48 [5136] >f+++++++++ sites_web/lbn/icons/world2.png
2017/11/05 14:05:48 [5136] cd+++++++++ sites_web/lbn/icons/32px/
2017/11/05 14:05:48 [5136] >f+++++++++ sites_web/lbn/icons/32px/a.png
2017/11/05 14:05:48 [5136] >f+++++++++ sites_web/lbn/icons/32px/alert.black.png
2017/11/05 14:05:48 [5136] >f+++++++++ sites_web/lbn/icons/32px/alert.red.png
2017/11/05 14:05:48 [5136] >f+++++++++ sites_web/lbn/icons/32px/back.png
2017/11/05 14:05:48 [5136] >f+++++++++ sites_web/lbn/icons/32px/ball.gray.png
2017/11/05 14:05:48 [5136] >f+++++++++ sites_web/lbn/icons/32px/ball.red.png
2017/11/05 14:05:48 [5136] >f+++++++++ sites_web/lbn/icons/32px/binary.png
2017/11/05 14:05:48 [5136] >f+++++++++ sites_web/lbn/icons/32px/binhex.png
2017/11/05 14:05:48 [5136] >f+++++++++ sites_web/lbn/icons/32px/blank.png
2017/11/05 14:05:48 [5136] >f+++++++++ sites_web/lbn/icons/32px/bomb.png
2017/11/05 14:05:48 [5136] >f+++++++++ sites_web/lbn/icons/32px/box1.png
2017/11/05 14:05:48 [5136] >f+++++++++ sites_web/lbn/icons/32px/box2.png
2017/11/05 14:05:48 [5136] >f+++++++++ sites_web/lbn/icons/32px/broken.png
2017/11/05 14:05:48 [5136] >f+++++++++ sites_web/lbn/icons/32px/burst.png
2017/11/05 14:05:48 [5136] >f+++++++++ sites_web/lbn/icons/32px/c.png
2017/11/05 14:05:48 [5136] >f+++++++++ sites_web/lbn/icons/32px/comp.blue.png
2017/11/05 14:05:48 [5136] >f+++++++++ sites_web/lbn/icons/32px/comp.gray.png
2017/11/05 14:05:48 [5136] >f+++++++++ sites_web/lbn/icons/32px/compressed.png
2017/11/05 14:05:48 [5136] >f+++++++++ sites_web/lbn/icons/32px/continued.png
2017/11/05 14:05:48 [5136] >f+++++++++ sites_web/lbn/icons/32px/dir.png
2017/11/05 14:05:48 [5136] >f+++++++++ sites_web/lbn/icons/32px/diskimg.png
2017/11/05 14:05:48 [5136] >f+++++++++ sites_web/lbn/icons/32px/down.png
2017/11/05 14:05:48 [5136] >f+++++++++ sites_web/lbn/icons/32px/dvi.png
2017/11/05 14:05:48 [5136] >f+++++++++ sites_web/lbn/icons/32px/f.png
2017/11/05 14:05:48 [5136] >f+++++++++ sites_web/lbn/icons/32px/folder.open.png
2017/11/05 14:05:48 [5136] >f+++++++++ sites_web/lbn/icons/32px/folder.png
2017/11/05 14:05:48 [5136] >f+++++++++ sites_web/lbn/icons/32px/folder.sec.png
2017/11/05 14:05:48 [5136] >f+++++++++ sites_web/lbn/icons/32px/forward.png
2017/11/05 14:05:48 [5136] >f+++++++++ sites_web/lbn/icons/32px/generic.png
2017/11/05 14:05:48 [5136] >f+++++++++ sites_web/lbn/icons/32px/generic.red.png
2017/11/05 14:05:48 [5136] >f+++++++++ sites_web/lbn/icons/32px/generic.sec.png
2017/11/05 14:05:48 [5136] >f+++++++++ sites_web/lbn/icons/32px/hand.right.png
2017/11/05 14:05:48 [5136] >f+++++++++ sites_web/lbn/icons/32px/hand.up.png
2017/11/05 14:05:48 [5136] >f+++++++++ sites_web/lbn/icons/32px/image1.png
2017/11/05 14:05:48 [5136] >f+++++++++ sites_web/lbn/icons/32px/image2.png
2017/11/05 14:05:48 [5136] >f+++++++++ sites_web/lbn/icons/32px/image3.png
2017/11/05 14:05:48 [5136] >f+++++++++ sites_web/lbn/icons/32px/index.png
2017/11/05 14:05:48 [5136] >f+++++++++ sites_web/lbn/icons/32px/layout.png
2017/11/05 14:05:48 [5136] >f+++++++++ sites_web/lbn/icons/32px/left.png
2017/11/05 14:05:48 [5136] >f+++++++++ sites_web/lbn/icons/32px/link.png
2017/11/05 14:05:48 [5136] >f+++++++++ sites_web/lbn/icons/32px/movie.png
2017/11/05 14:05:48 [5136] >f+++++++++ sites_web/lbn/icons/32px/p.png
2017/11/05 14:05:48 [5136] >f+++++++++ sites_web/lbn/icons/32px/patch.png
2017/11/05 14:05:48 [5136] >f+++++++++ sites_web/lbn/icons/32px/pdf.png
2017/11/05 14:05:48 [5136] >f+++++++++ sites_web/lbn/icons/32px/pie0.png
2017/11/05 14:05:48 [5136] >f+++++++++ sites_web/lbn/icons/32px/pie1.png
2017/11/05 14:05:48 [5136] >f+++++++++ sites_web/lbn/icons/32px/pie2.png
2017/11/05 14:05:48 [5136] >f+++++++++ sites_web/lbn/icons/32px/pie3.png
2017/11/05 14:05:48 [5136] >f+++++++++ sites_web/lbn/icons/32px/pie4.png
2017/11/05 14:05:48 [5136] >f+++++++++ sites_web/lbn/icons/32px/pie5.png
2017/11/05 14:05:48 [5136] >f+++++++++ sites_web/lbn/icons/32px/pie6.png
2017/11/05 14:05:48 [5136] >f+++++++++ sites_web/lbn/icons/32px/pie7.png
2017/11/05 14:05:48 [5136] >f+++++++++ sites_web/lbn/icons/32px/pie8.png
2017/11/05 14:05:48 [5136] >f+++++++++ sites_web/lbn/icons/32px/portal.png
2017/11/05 14:05:48 [5136] >f+++++++++ sites_web/lbn/icons/32px/ps.png
2017/11/05 14:05:48 [5136] >f+++++++++ sites_web/lbn/icons/32px/quill.png
2017/11/05 14:05:48 [5136] >f+++++++++ sites_web/lbn/icons/32px/right.png
2017/11/05 14:05:48 [5136] >f+++++++++ sites_web/lbn/icons/32px/screw1.png
2017/11/05 14:05:48 [5136] >f+++++++++ sites_web/lbn/icons/32px/screw2.png
2017/11/05 14:05:48 [5136] >f+++++++++ sites_web/lbn/icons/32px/script.png
2017/11/05 14:05:48 [5136] >f+++++++++ sites_web/lbn/icons/32px/sound1.png
2017/11/05 14:05:48 [5136] >f+++++++++ sites_web/lbn/icons/32px/sound2.png
2017/11/05 14:05:48 [5136] >f+++++++++ sites_web/lbn/icons/32px/sphere1.png
2017/11/05 14:05:48 [5136] >f+++++++++ sites_web/lbn/icons/32px/sphere2.png
2017/11/05 14:05:48 [5136] >f+++++++++ sites_web/lbn/icons/32px/tar.png
2017/11/05 14:05:48 [5136] >f+++++++++ sites_web/lbn/icons/32px/tex.png
2017/11/05 14:05:48 [5136] >f+++++++++ sites_web/lbn/icons/32px/text.png
2017/11/05 14:05:48 [5136] >f+++++++++ sites_web/lbn/icons/32px/transfer.png
2017/11/05 14:05:48 [5136] >f+++++++++ sites_web/lbn/icons/32px/unknown.png
2017/11/05 14:05:48 [5136] >f+++++++++ sites_web/lbn/icons/32px/up.png
2017/11/05 14:05:48 [5136] >f+++++++++ sites_web/lbn/icons/32px/uu.png
2017/11/05 14:05:48 [5136] >f+++++++++ sites_web/lbn/icons/32px/uuencoded.png
2017/11/05 14:05:48 [5136] >f+++++++++ sites_web/lbn/icons/32px/world1.png
2017/11/05 14:05:48 [5136] >f+++++++++ sites_web/lbn/icons/32px/world2.png
2017/11/05 14:05:48 [5136] cd+++++++++ sites_web/lbn/icons/small/
2017/11/05 14:05:48 [5136] >f+++++++++ sites_web/lbn/icons/small/a.png
2017/11/05 14:05:48 [5136] >f+++++++++ sites_web/lbn/icons/small/alert.black.png
2017/11/05 14:05:48 [5136] >f+++++++++ sites_web/lbn/icons/small/alert.red.png
2017/11/05 14:05:48 [5136] >f+++++++++ sites_web/lbn/icons/small/back.png
2017/11/05 14:05:48 [5136] >f+++++++++ sites_web/lbn/icons/small/ball.gray.png
2017/11/05 14:05:48 [5136] >f+++++++++ sites_web/lbn/icons/small/ball.red.png
2017/11/05 14:05:48 [5136] >f+++++++++ sites_web/lbn/icons/small/binary.png
2017/11/05 14:05:48 [5136] >f+++++++++ sites_web/lbn/icons/small/binhex.png
2017/11/05 14:05:48 [5136] >f+++++++++ sites_web/lbn/icons/small/blank.png
2017/11/05 14:05:48 [5136] >f+++++++++ sites_web/lbn/icons/small/bomb.png
2017/11/05 14:05:48 [5136] >f+++++++++ sites_web/lbn/icons/small/box1.png
2017/11/05 14:05:48 [5136] >f+++++++++ sites_web/lbn/icons/small/box2.png
2017/11/05 14:05:48 [5136] >f+++++++++ sites_web/lbn/icons/small/broken.png
2017/11/05 14:05:48 [5136] >f+++++++++ sites_web/lbn/icons/small/burst.png
2017/11/05 14:05:48 [5136] >f+++++++++ sites_web/lbn/icons/small/c.png
2017/11/05 14:05:48 [5136] >f+++++++++ sites_web/lbn/icons/small/comp.blue.png
2017/11/05 14:05:48 [5136] >f+++++++++ sites_web/lbn/icons/small/comp.gray.png
2017/11/05 14:05:48 [5136] >f+++++++++ sites_web/lbn/icons/small/compressed.png
2017/11/05 14:05:48 [5136] >f+++++++++ sites_web/lbn/icons/small/continued.png
2017/11/05 14:05:48 [5136] >f+++++++++ sites_web/lbn/icons/small/dir.png
2017/11/05 14:05:48 [5136] >f+++++++++ sites_web/lbn/icons/small/diskimg.png
2017/11/05 14:05:48 [5136] >f+++++++++ sites_web/lbn/icons/small/down.png
2017/11/05 14:05:48 [5136] >f+++++++++ sites_web/lbn/icons/small/dvi.png
2017/11/05 14:05:48 [5136] >f+++++++++ sites_web/lbn/icons/small/f.png
2017/11/05 14:05:48 [5136] >f+++++++++ sites_web/lbn/icons/small/folder.open.png
2017/11/05 14:05:48 [5136] >f+++++++++ sites_web/lbn/icons/small/folder.png
2017/11/05 14:05:48 [5136] >f+++++++++ sites_web/lbn/icons/small/folder.sec.png
2017/11/05 14:05:48 [5136] >f+++++++++ sites_web/lbn/icons/small/forward.png
2017/11/05 14:05:48 [5136] >f+++++++++ sites_web/lbn/icons/small/generic.png
2017/11/05 14:05:48 [5136] >f+++++++++ sites_web/lbn/icons/small/generic.red.png
2017/11/05 14:05:48 [5136] >f+++++++++ sites_web/lbn/icons/small/generic.sec.png
2017/11/05 14:05:48 [5136] >f+++++++++ sites_web/lbn/icons/small/hand.right.png
2017/11/05 14:05:48 [5136] >f+++++++++ sites_web/lbn/icons/small/hand.up.png
2017/11/05 14:05:48 [5136] >f+++++++++ sites_web/lbn/icons/small/image1.png
2017/11/05 14:05:48 [5136] >f+++++++++ sites_web/lbn/icons/small/image2.png
2017/11/05 14:05:48 [5136] >f+++++++++ sites_web/lbn/icons/small/image3.png
2017/11/05 14:05:48 [5136] >f+++++++++ sites_web/lbn/icons/small/index.png
2017/11/05 14:05:48 [5136] >f+++++++++ sites_web/lbn/icons/small/layout.png
2017/11/05 14:05:48 [5136] >f+++++++++ sites_web/lbn/icons/small/left.png
2017/11/05 14:05:48 [5136] >f+++++++++ sites_web/lbn/icons/small/link.png
2017/11/05 14:05:48 [5136] >f+++++++++ sites_web/lbn/icons/small/movie.png
2017/11/05 14:05:48 [5136] >f+++++++++ sites_web/lbn/icons/small/p.png
2017/11/05 14:05:48 [5136] >f+++++++++ sites_web/lbn/icons/small/patch.png
2017/11/05 14:05:48 [5136] >f+++++++++ sites_web/lbn/icons/small/pdf.png
2017/11/05 14:05:48 [5136] >f+++++++++ sites_web/lbn/icons/small/pie0.png
2017/11/05 14:05:48 [5136] >f+++++++++ sites_web/lbn/icons/small/pie1.png
2017/11/05 14:05:48 [5136] >f+++++++++ sites_web/lbn/icons/small/pie2.png
2017/11/05 14:05:48 [5136] >f+++++++++ sites_web/lbn/icons/small/pie3.png
2017/11/05 14:05:48 [5136] >f+++++++++ sites_web/lbn/icons/small/pie4.png
2017/11/05 14:05:48 [5136] >f+++++++++ sites_web/lbn/icons/small/pie5.png
2017/11/05 14:05:48 [5136] >f+++++++++ sites_web/lbn/icons/small/pie6.png
2017/11/05 14:05:48 [5136] >f+++++++++ sites_web/lbn/icons/small/pie7.png
2017/11/05 14:05:48 [5136] >f+++++++++ sites_web/lbn/icons/small/pie8.png
2017/11/05 14:05:48 [5136] >f+++++++++ sites_web/lbn/icons/small/portal.png
2017/11/05 14:05:48 [5136] >f+++++++++ sites_web/lbn/icons/small/ps.png
2017/11/05 14:05:48 [5136] >f+++++++++ sites_web/lbn/icons/small/quill.png
2017/11/05 14:05:48 [5136] >f+++++++++ sites_web/lbn/icons/small/right.png
2017/11/05 14:05:48 [5136] >f+++++++++ sites_web/lbn/icons/small/screw1.png
2017/11/05 14:05:48 [5136] >f+++++++++ sites_web/lbn/icons/small/screw2.png
2017/11/05 14:05:48 [5136] >f+++++++++ sites_web/lbn/icons/small/script.png
2017/11/05 14:05:48 [5136] >f+++++++++ sites_web/lbn/icons/small/sound1.png
2017/11/05 14:05:48 [5136] >f+++++++++ sites_web/lbn/icons/small/sound2.png
2017/11/05 14:05:48 [5136] >f+++++++++ sites_web/lbn/icons/small/sphere1.png
2017/11/05 14:05:48 [5136] >f+++++++++ sites_web/lbn/icons/small/sphere2.png
2017/11/05 14:05:48 [5136] >f+++++++++ sites_web/lbn/icons/small/tar.png
2017/11/05 14:05:48 [5136] >f+++++++++ sites_web/lbn/icons/small/tex.png
2017/11/05 14:05:48 [5136] >f+++++++++ sites_web/lbn/icons/small/text.png
2017/11/05 14:05:48 [5136] >f+++++++++ sites_web/lbn/icons/small/transfer.png
2017/11/05 14:05:48 [5136] >f+++++++++ sites_web/lbn/icons/small/unknown.png
2017/11/05 14:05:48 [5136] >f+++++++++ sites_web/lbn/icons/small/up.png
2017/11/05 14:05:48 [5136] >f+++++++++ sites_web/lbn/icons/small/uu.png
2017/11/05 14:05:48 [5136] >f+++++++++ sites_web/lbn/icons/small/uuencoded.png
2017/11/05 14:05:48 [5136] >f+++++++++ sites_web/lbn/icons/small/world1.png
2017/11/05 14:05:48 [5136] >f+++++++++ sites_web/lbn/icons/small/world2.png
2017/11/05 14:05:48 [5136] cd+++++++++ sites_web/lbn/maintenance/
2017/11/05 14:05:48 [5136] >f+++++++++ sites_web/lbn/maintenance/index.html
2017/11/05 14:05:48 [5136] >f+++++++++ sites_web/lbn/maintenance/logo_linkbynet.png
2017/11/05 14:05:48 [5136] >f+++++++++ sites_web/lbn/maintenance/maintenance.png
2017/11/05 14:05:48 [5136] >f+++++++++ sites_web/lbn/maintenance/yellowadvert.png
2017/11/05 14:05:48 [5136] cd+++++++++ sites_web/lbn/underconstruction/
2017/11/05 14:05:48 [5136] >f+++++++++ sites_web/lbn/underconstruction/index.html
2017/11/05 14:05:48 [5136] >f+++++++++ sites_web/lbn/underconstruction/logo_linkbynet.png
2017/11/05 14:05:48 [5136] >f+++++++++ sites_web/lbn/underconstruction/redadvert.png
2017/11/05 14:05:48 [5136] >f+++++++++ sites_web/lbn/underconstruction/under_construction.png
2017/11/05 14:05:48 [5136] >f+++++++++ sites_web/lbn/underconstruction/under_construction_fullcolor.png
2017/11/05 14:05:48 [5136] cd+++++++++ sites_web/log/
2017/11/05 14:05:48 [5136] >f+++++++++ sites_web/log/bk.log
2017/11/05 14:05:48 [5136] sent 118989776 bytes  received 7347 bytes  total size 118917271
2017/11/05 14:06:39 [5219] receiving file list
